build/app/intermediates/manifest_merge_blame_file/debug/manifest-merger-blame-debug-report.txt
1<?xml version="1.0" encoding="utf-8"?>
2<manifest xmlns:android="http://schemas.android.com/apk/res/android"
3    package="com.example.eco_closet"
4    android:versionCode="1"
5    android:versionName="1.0.0" >
6
7    <uses-sdk
8        android:minSdkVersion="23"
9        android:targetSdkVersion="35" />
10    <!--
11         The INTERNET permission is required for development. Specifically,
12         the Flutter tool needs it to communicate with the running application
13         to allow setting breakpoints, to provide hot reload, etc.
14    -->
15    <uses-permission android:name="android.permission.INTERNET" />
15-->src/debug/AndroidManifest.xml:6:5-66
15-->src/debug/AndroidManifest.xml:6:22-64
16    <!--
17     Required to query activities that can process text, see:
18         https://developer.android.com/training/package-visibility and
19         https://developer.android.com/reference/android/content/Intent#ACTION_PROCESS_TEXT.
20
21         In particular, this is used by the Flutter engine in io.flutter.plugin.text.ProcessTextPlugin.
22    -->
23    <queries>
23-->src/main/AndroidManifest.xml:39:5-44:15
24        <intent>
24-->src/main/AndroidManifest.xml:40:9-43:18
25            <action android:name="android.intent.action.PROCESS_TEXT" />
25-->src/main/AndroidManifest.xml:41:13-72
25-->src/main/AndroidManifest.xml:41:21-70
26
27            <data android:mimeType="text/plain" />
27-->src/main/AndroidManifest.xml:42:13-50
27-->src/main/AndroidManifest.xml:42:19-48
28        </intent>
29    </queries>
30
31    <uses-permission android:name="android.permission.ACCESS_NETWORK_STATE" />
31-->[com.google.firebase:firebase-auth:23.1.0] AndroidManifest.xml:26:5-79
31-->[com.google.firebase:firebase-auth:23.1.0] AndroidManifest.xml:26:22-76
32    <uses-permission android:name="com.google.android.providers.gsf.permission.READ_GSERVICES" />
32-->[com.google.android.recaptcha:recaptcha:18.5.1] AndroidManifest.xml:9:5-98
32-->[com.google.android.recaptcha:recaptcha:18.5.1] AndroidManifest.xml:9:22-95
33
34    <permission
34-->[androidx.core:core:1.13.1] AndroidManifest.xml:22:5-24:47
35        android:name="com.example.eco_closet.DYNAMIC_RECEIVER_NOT_EXPORTED_PERMISSION"
35-->[androidx.core:core:1.13.1] AndroidManifest.xml:23:9-81
36        android:protectionLevel="signature" />
36-->[androidx.core:core:1.13.1] AndroidManifest.xml:24:9-44
37
38    <uses-permission android:name="com.example.eco_closet.DYNAMIC_RECEIVER_NOT_EXPORTED_PERMISSION" />
38-->[androidx.core:core:1.13.1] AndroidManifest.xml:26:5-97
38-->[androidx.core:core:1.13.1] AndroidManifest.xml:26:22-94
39
40    <application
41        android:name="android.app.Application"
42        android:appComponentFactory="androidx.core.app.CoreComponentFactory"
42-->[androidx.core:core:1.13.1] AndroidManifest.xml:28:18-86
43        android:debuggable="true"
44        android:extractNativeLibs="false"
45        android:icon="@mipmap/ic_launcher"
46        android:label="eco_closet" >
47        <activity
48            android:name="com.example.eco_closet.MainActivity"
49            android:configChanges="orientation|keyboardHidden|keyboard|screenSize|smallestScreenSize|locale|layoutDirection|fontScale|screenLayout|density|uiMode"
50            android:exported="true"
51            android:hardwareAccelerated="true"
52            android:launchMode="singleTop"
53            android:taskAffinity=""
54            android:theme="@style/LaunchTheme"
55            android:windowSoftInputMode="adjustResize" >
56
57            <!--
58                 Specifies an Android theme to apply to this Activity as soon as
59                 the Android process has started. This theme is visible to the user
60                 while the Flutter UI initializes. After that, this theme continues
61                 to determine the Window background behind the Flutter UI.
62            -->
63            <meta-data
64                android:name="io.flutter.embedding.android.NormalTheme"
65                android:resource="@style/NormalTheme" />
66
67            <intent-filter>
68                <action android:name="android.intent.action.MAIN" />
69
70                <category android:name="android.intent.category.LAUNCHER" />
71            </intent-filter>
72        </activity>
73        <!--
74             Don't delete the meta-data below.
75             This is used by the Flutter tool to generate GeneratedPluginRegistrant.java
76        -->
77        <meta-data
78            android:name="flutterEmbedding"
79            android:value="2" />
80
81        <service
81-->[:cloud_firestore] AndroidManifest.xml:8:9-12:19
82            android:name="com.google.firebase.components.ComponentDiscoveryService"
82-->[:cloud_firestore] AndroidManifest.xml:8:18-89
83            android:directBootAware="true"
83-->[com.google.firebase:firebase-common:21.0.0] AndroidManifest.xml:32:13-43
84            android:exported="false" >
84-->[com.google.firebase:firebase-appcheck-debug:18.0.0] AndroidManifest.xml:24:13-37
85            <meta-data
85-->[:cloud_firestore] AndroidManifest.xml:9:13-11:85
86                android:name="com.google.firebase.components:io.flutter.plugins.firebase.firestore.FlutterFirebaseFirestoreRegistrar"
86-->[:cloud_firestore] AndroidManifest.xml:10:17-134
87                android:value="com.google.firebase.components.ComponentRegistrar" />
87-->[:cloud_firestore] AndroidManifest.xml:11:17-82
88            <meta-data
88-->[:firebase_app_check] AndroidManifest.xml:9:13-11:85
89                android:name="com.google.firebase.components:io.flutter.plugins.firebase.appcheck.FlutterFirebaseAppRegistrar"
89-->[:firebase_app_check] AndroidManifest.xml:10:17-127
90                android:value="com.google.firebase.components.ComponentRegistrar" />
90-->[:firebase_app_check] AndroidManifest.xml:11:17-82
91            <meta-data
91-->[:firebase_auth] AndroidManifest.xml:9:13-11:85
92                android:name="com.google.firebase.components:io.flutter.plugins.firebase.auth.FlutterFirebaseAuthRegistrar"
92-->[:firebase_auth] AndroidManifest.xml:10:17-124
93                android:value="com.google.firebase.components.ComponentRegistrar" />
93-->[:firebase_auth] AndroidManifest.xml:11:17-82
94            <meta-data
94-->[:firebase_dynamic_links] AndroidManifest.xml:11:13-13:85
95                android:name="com.google.firebase.components:io.flutter.plugins.firebase.dynamiclinks.FlutterFirebaseAppRegistrar"
95-->[:firebase_dynamic_links] AndroidManifest.xml:12:17-131
96                android:value="com.google.firebase.components.ComponentRegistrar" />
96-->[:firebase_dynamic_links] AndroidManifest.xml:13:17-82
97            <meta-data
97-->[:firebase_storage] AndroidManifest.xml:9:13-11:85
98                android:name="com.google.firebase.components:io.flutter.plugins.firebase.storage.FlutterFirebaseAppRegistrar"
98-->[:firebase_storage] AndroidManifest.xml:10:17-126
99                android:value="com.google.firebase.components.ComponentRegistrar" />
99-->[:firebase_storage] AndroidManifest.xml:11:17-82
100            <meta-data
100-->[:firebase_core] AndroidManifest.xml:9:13-11:85
101                android:name="com.google.firebase.components:io.flutter.plugins.firebase.core.FlutterFirebaseCoreRegistrar"
101-->[:firebase_core] AndroidManifest.xml:10:17-124
102                android:value="com.google.firebase.components.ComponentRegistrar" />
102-->[:firebase_core] AndroidManifest.xml:11:17-82
103            <meta-data
103-->[com.google.firebase:firebase-appcheck-debug:18.0.0] AndroidManifest.xml:25:13-27:85
104                android:name="com.google.firebase.components:com.google.firebase.appcheck.debug.FirebaseAppCheckDebugRegistrar"
104-->[com.google.firebase:firebase-appcheck-debug:18.0.0] AndroidManifest.xml:26:17-128
105                android:value="com.google.firebase.components.ComponentRegistrar" />
105-->[com.google.firebase:firebase-appcheck-debug:18.0.0] AndroidManifest.xml:27:17-82
106            <meta-data
106-->[com.google.firebase:firebase-auth:23.1.0] AndroidManifest.xml:69:13-71:85
107                android:name="com.google.firebase.components:com.google.firebase.auth.FirebaseAuthRegistrar"
107-->[com.google.firebase:firebase-auth:23.1.0] AndroidManifest.xml:70:17-109
108                android:value="com.google.firebase.components.ComponentRegistrar" />
108-->[com.google.firebase:firebase-auth:23.1.0] AndroidManifest.xml:71:17-82
109            <meta-data
109-->[com.google.firebase:firebase-firestore:25.1.1] AndroidManifest.xml:17:13-19:85
110                android:name="com.google.firebase.components:com.google.firebase.firestore.FirebaseFirestoreKtxRegistrar"
110-->[com.google.firebase:firebase-firestore:25.1.1] AndroidManifest.xml:18:17-122
111                android:value="com.google.firebase.components.ComponentRegistrar" />
111-->[com.google.firebase:firebase-firestore:25.1.1] AndroidManifest.xml:19:17-82
112            <meta-data
112-->[com.google.firebase:firebase-firestore:25.1.1] AndroidManifest.xml:20:13-22:85
113                android:name="com.google.firebase.components:com.google.firebase.firestore.FirestoreRegistrar"
113-->[com.google.firebase:firebase-firestore:25.1.1] AndroidManifest.xml:21:17-111
114                android:value="com.google.firebase.components.ComponentRegistrar" />
114-->[com.google.firebase:firebase-firestore:25.1.1] AndroidManifest.xml:22:17-82
115            <meta-data
115-->[com.google.firebase:firebase-appcheck-playintegrity:18.0.0] AndroidManifest.xml:25:13-27:85
116                android:name="com.google.firebase.components:com.google.firebase.appcheck.playintegrity.FirebaseAppCheckPlayIntegrityRegistrar"
116-->[com.google.firebase:firebase-appcheck-playintegrity:18.0.0] AndroidManifest.xml:26:17-144
117                android:value="com.google.firebase.components.ComponentRegistrar" />
117-->[com.google.firebase:firebase-appcheck-playintegrity:18.0.0] AndroidManifest.xml:27:17-82
118            <meta-data
118-->[com.google.firebase:firebase-dynamic-links:22.1.0] AndroidManifest.xml:24:13-26:85
119                android:name="com.google.firebase.components:com.google.firebase.dynamiclinks.FirebaseDynamicLinksKtxRegistrar"
119-->[com.google.firebase:firebase-dynamic-links:22.1.0] AndroidManifest.xml:25:17-128
120                android:value="com.google.firebase.components.ComponentRegistrar" />
120-->[com.google.firebase:firebase-dynamic-links:22.1.0] AndroidManifest.xml:26:17-82
121            <meta-data
121-->[com.google.firebase:firebase-dynamic-links:22.1.0] AndroidManifest.xml:27:13-29:85
122                android:name="com.google.firebase.components:com.google.firebase.dynamiclinks.internal.FirebaseDynamicLinkRegistrar"
122-->[com.google.firebase:firebase-dynamic-links:22.1.0] AndroidManifest.xml:28:17-133
123                android:value="com.google.firebase.components.ComponentRegistrar" />
123-->[com.google.firebase:firebase-dynamic-links:22.1.0] AndroidManifest.xml:29:17-82
124            <meta-data
124-->[com.google.firebase:firebase-storage:21.0.1] AndroidManifest.xml:30:13-32:85
125                android:name="com.google.firebase.components:com.google.firebase.storage.FirebaseStorageKtxRegistrar"
125-->[com.google.firebase:firebase-storage:21.0.1] AndroidManifest.xml:31:17-118
126                android:value="com.google.firebase.components.ComponentRegistrar" />
126-->[com.google.firebase:firebase-storage:21.0.1] AndroidManifest.xml:32:17-82
127            <meta-data
127-->[com.google.firebase:firebase-storage:21.0.1] AndroidManifest.xml:33:13-35:85
128                android:name="com.google.firebase.components:com.google.firebase.storage.StorageRegistrar"
128-->[com.google.firebase:firebase-storage:21.0.1] AndroidManifest.xml:34:17-107
129                android:value="com.google.firebase.components.ComponentRegistrar" />
129-->[com.google.firebase:firebase-storage:21.0.1] AndroidManifest.xml:35:17-82
130            <meta-data
130-->[com.google.firebase:firebase-appcheck-safetynet:16.1.2] AndroidManifest.xml:27:13-29:85
131                android:name="com.google.firebase.components:com.google.firebase.appcheck.safetynet.FirebaseAppCheckSafetyNetRegistrar"
131-->[com.google.firebase:firebase-appcheck-safetynet:16.1.2] AndroidManifest.xml:28:17-136
132                android:value="com.google.firebase.components.ComponentRegistrar" />
132-->[com.google.firebase:firebase-appcheck-safetynet:16.1.2] AndroidManifest.xml:29:17-82
133            <meta-data
133-->[com.google.firebase:firebase-appcheck:18.0.0] AndroidManifest.xml:25:13-27:85
134                android:name="com.google.firebase.components:com.google.firebase.appcheck.FirebaseAppCheckKtxRegistrar"
134-->[com.google.firebase:firebase-appcheck:18.0.0] AndroidManifest.xml:26:17-120
135                android:value="com.google.firebase.components.ComponentRegistrar" />
135-->[com.google.firebase:firebase-appcheck:18.0.0] AndroidManifest.xml:27:17-82
136            <meta-data
136-->[com.google.firebase:firebase-appcheck:18.0.0] AndroidManifest.xml:28:13-30:85
137                android:name="com.google.firebase.components:com.google.firebase.appcheck.FirebaseAppCheckRegistrar"
137-->[com.google.firebase:firebase-appcheck:18.0.0] AndroidManifest.xml:29:17-117
138                android:value="com.google.firebase.components.ComponentRegistrar" />
138-->[com.google.firebase:firebase-appcheck:18.0.0] AndroidManifest.xml:30:17-82
139            <meta-data
139-->[com.google.firebase:firebase-common-ktx:21.0.0] AndroidManifest.xml:12:13-14:85
140                android:name="com.google.firebase.components:com.google.firebase.ktx.FirebaseCommonLegacyRegistrar"
140-->[com.google.firebase:firebase-common-ktx:21.0.0] AndroidManifest.xml:13:17-116
141                android:value="com.google.firebase.components.ComponentRegistrar" />
141-->[com.google.firebase:firebase-common-ktx:21.0.0] AndroidManifest.xml:14:17-82
142            <meta-data
142-->[com.google.firebase:firebase-common:21.0.0] AndroidManifest.xml:35:13-37:85
143                android:name="com.google.firebase.components:com.google.firebase.FirebaseCommonKtxRegistrar"
143-->[com.google.firebase:firebase-common:21.0.0] AndroidManifest.xml:36:17-109
144                android:value="com.google.firebase.components.ComponentRegistrar" />
144-->[com.google.firebase:firebase-common:21.0.0] AndroidManifest.xml:37:17-82
145        </service>
146
147        <provider
147-->[:image_picker_android] AndroidManifest.xml:9:9-17:20
148            android:name="io.flutter.plugins.imagepicker.ImagePickerFileProvider"
148-->[:image_picker_android] AndroidManifest.xml:10:13-82
149            android:authorities="com.example.eco_closet.flutter.image_provider"
149-->[:image_picker_android] AndroidManifest.xml:11:13-74
150            android:exported="false"
150-->[:image_picker_android] AndroidManifest.xml:12:13-37
151            android:grantUriPermissions="true" >
151-->[:image_picker_android] AndroidManifest.xml:13:13-47
152            <meta-data
152-->[:image_picker_android] AndroidManifest.xml:14:13-16:75
153                android:name="android.support.FILE_PROVIDER_PATHS"
153-->[:image_picker_android] AndroidManifest.xml:15:17-67
154                android:resource="@xml/flutter_image_picker_file_paths" />
154-->[:image_picker_android] AndroidManifest.xml:16:17-72
155        </provider> <!-- Trigger Google Play services to install the backported photo picker module. -->
156        <service
156-->[:image_picker_android] AndroidManifest.xml:19:9-31:19
157            android:name="com.google.android.gms.metadata.ModuleDependencies"
157-->[:image_picker_android] AndroidManifest.xml:20:13-78
158            android:enabled="false"
158-->[:image_picker_android] AndroidManifest.xml:21:13-36
159            android:exported="false" >
159-->[:image_picker_android] AndroidManifest.xml:22:13-37
160            <intent-filter>
160-->[:image_picker_android] AndroidManifest.xml:24:13-26:29
161                <action android:name="com.google.android.gms.metadata.MODULE_DEPENDENCIES" />
161-->[:image_picker_android] AndroidManifest.xml:25:17-94
161-->[:image_picker_android] AndroidManifest.xml:25:25-91
162            </intent-filter>
163
164            <meta-data
164-->[:image_picker_android] AndroidManifest.xml:28:13-30:36
165                android:name="photopicker_activity:0:required"
165-->[:image_picker_android] AndroidManifest.xml:29:17-63
166                android:value="" />
166-->[:image_picker_android] AndroidManifest.xml:30:17-33
167        </service>
168
169        <activity
169-->[com.google.firebase:firebase-auth:23.1.0] AndroidManifest.xml:29:9-46:20
170            android:name="com.google.firebase.auth.internal.GenericIdpActivity"
170-->[com.google.firebase:firebase-auth:23.1.0] AndroidManifest.xml:30:13-80
171            android:excludeFromRecents="true"
171-->[com.google.firebase:firebase-auth:23.1.0] AndroidManifest.xml:31:13-46
172            android:exported="true"
172-->[com.google.firebase:firebase-auth:23.1.0] AndroidManifest.xml:32:13-36
173            android:launchMode="singleTask"
173-->[com.google.firebase:firebase-auth:23.1.0] AndroidManifest.xml:33:13-44
174            android:theme="@android:style/Theme.Translucent.NoTitleBar" >
174-->[com.google.firebase:firebase-auth:23.1.0] AndroidManifest.xml:34:13-72
175            <intent-filter>
175-->[com.google.firebase:firebase-auth:23.1.0] AndroidManifest.xml:35:13-45:29
176                <action android:name="android.intent.action.VIEW" />
176-->[com.google.firebase:firebase-auth:23.1.0] AndroidManifest.xml:36:17-69
176-->[com.google.firebase:firebase-auth:23.1.0] AndroidManifest.xml:36:25-66
177
178                <category android:name="android.intent.category.DEFAULT" />
178-->[com.google.firebase:firebase-auth:23.1.0] AndroidManifest.xml:38:17-76
178-->[com.google.firebase:firebase-auth:23.1.0] AndroidManifest.xml:38:27-73
179                <category android:name="android.intent.category.BROWSABLE" />
179-->[com.google.firebase:firebase-auth:23.1.0] AndroidManifest.xml:39:17-78
179-->[com.google.firebase:firebase-auth:23.1.0] AndroidManifest.xml:39:27-75
180
181                <data
181-->src/main/AndroidManifest.xml:42:13-50
182                    android:host="firebase.auth"
183                    android:path="/"
184                    android:scheme="genericidp" />
185            </intent-filter>
186        </activity>
187        <activity
187-->[com.google.firebase:firebase-auth:23.1.0] AndroidManifest.xml:47:9-64:20
188            android:name="com.google.firebase.auth.internal.RecaptchaActivity"
188-->[com.google.firebase:firebase-auth:23.1.0] AndroidManifest.xml:48:13-79
189            android:excludeFromRecents="true"
189-->[com.google.firebase:firebase-auth:23.1.0] AndroidManifest.xml:49:13-46
190            android:exported="true"
190-->[com.google.firebase:firebase-auth:23.1.0] AndroidManifest.xml:50:13-36
191            android:launchMode="singleTask"
191-->[com.google.firebase:firebase-auth:23.1.0] AndroidManifest.xml:51:13-44
192            android:theme="@android:style/Theme.Translucent.NoTitleBar" >
192-->[com.google.firebase:firebase-auth:23.1.0] AndroidManifest.xml:52:13-72
193            <intent-filter>
193-->[com.google.firebase:firebase-auth:23.1.0] AndroidManifest.xml:53:13-63:29
194                <action android:name="android.intent.action.VIEW" />
194-->[com.google.firebase:firebase-auth:23.1.0] AndroidManifest.xml:36:17-69
194-->[com.google.firebase:firebase-auth:23.1.0] AndroidManifest.xml:36:25-66
195
196                <category android:name="android.intent.category.DEFAULT" />
196-->[com.google.firebase:firebase-auth:23.1.0] AndroidManifest.xml:38:17-76
196-->[com.google.firebase:firebase-auth:23.1.0] AndroidManifest.xml:38:27-73
197                <category android:name="android.intent.category.BROWSABLE" />
197-->[com.google.firebase:firebase-auth:23.1.0] AndroidManifest.xml:39:17-78
197-->[com.google.firebase:firebase-auth:23.1.0] AndroidManifest.xml:39:27-75
198
199                <data
199-->src/main/AndroidManifest.xml:42:13-50
200                    android:host="firebase.auth"
201                    android:path="/"
202                    android:scheme="recaptcha" />
203            </intent-filter>
204        </activity>
205
206        <provider
206-->[com.google.firebase:firebase-common:21.0.0] AndroidManifest.xml:23:9-28:39
207            android:name="com.google.firebase.provider.FirebaseInitProvider"
207-->[com.google.firebase:firebase-common:21.0.0] AndroidManifest.xml:24:13-77
208            android:authorities="com.example.eco_closet.firebaseinitprovider"
208-->[com.google.firebase:firebase-common:21.0.0] AndroidManifest.xml:25:13-72
209            android:directBootAware="true"
209-->[com.google.firebase:firebase-common:21.0.0] AndroidManifest.xml:26:13-43
210            android:exported="false"
210-->[com.google.firebase:firebase-common:21.0.0] AndroidManifest.xml:27:13-37
211            android:initOrder="100" />
211-->[com.google.firebase:firebase-common:21.0.0] AndroidManifest.xml:28:13-36
212
213        <service
213-->[androidx.credentials:credentials-play-services-auth:1.2.0-rc01] AndroidManifest.xml:24:9-32:19
214            android:name="androidx.credentials.playservices.CredentialProviderMetadataHolder"
214-->[androidx.credentials:credentials-play-services-auth:1.2.0-rc01] AndroidManifest.xml:25:13-94
215            android:enabled="true"
215-->[androidx.credentials:credentials-play-services-auth:1.2.0-rc01] AndroidManifest.xml:26:13-35
216            android:exported="false" >
216-->[androidx.credentials:credentials-play-services-auth:1.2.0-rc01] AndroidManifest.xml:27:13-37
217            <meta-data
217-->[androidx.credentials:credentials-play-services-auth:1.2.0-rc01] AndroidManifest.xml:29:13-31:104
218                android:name="androidx.credentials.CREDENTIAL_PROVIDER_KEY"
218-->[androidx.credentials:credentials-play-services-auth:1.2.0-rc01] AndroidManifest.xml:30:17-76
219                android:value="androidx.credentials.playservices.CredentialProviderPlayServicesImpl" />
219-->[androidx.credentials:credentials-play-services-auth:1.2.0-rc01] AndroidManifest.xml:31:17-101
220        </service>
221
222        <activity
222-->[androidx.credentials:credentials-play-services-auth:1.2.0-rc01] AndroidManifest.xml:34:9-41:20
223            android:name="androidx.credentials.playservices.HiddenActivity"
223-->[androidx.credentials:credentials-play-services-auth:1.2.0-rc01] AndroidManifest.xml:35:13-76
224            android:configChanges="orientation|screenSize|screenLayout|keyboardHidden"
224-->[androidx.credentials:credentials-play-services-auth:1.2.0-rc01] AndroidManifest.xml:36:13-87
225            android:enabled="true"
225-->[androidx.credentials:credentials-play-services-auth:1.2.0-rc01] AndroidManifest.xml:37:13-35
226            android:exported="false"
226-->[androidx.credentials:credentials-play-services-auth:1.2.0-rc01] AndroidManifest.xml:38:13-37
227            android:fitsSystemWindows="true"
227-->[androidx.credentials:credentials-play-services-auth:1.2.0-rc01] AndroidManifest.xml:39:13-45
228            android:theme="@style/Theme.Hidden" >
228-->[androidx.credentials:credentials-play-services-auth:1.2.0-rc01] AndroidManifest.xml:40:13-48
229        </activity>
230        <activity
230-->[com.google.android.gms:play-services-auth:20.7.0] AndroidManifest.xml:23:9-27:75
231            android:name="com.google.android.gms.auth.api.signin.internal.SignInHubActivity"
231-->[com.google.android.gms:play-services-auth:20.7.0] AndroidManifest.xml:24:13-93
232            android:excludeFromRecents="true"
232-->[com.google.android.gms:play-services-auth:20.7.0] AndroidManifest.xml:25:13-46
233            android:exported="false"
233-->[com.google.android.gms:play-services-auth:20.7.0] AndroidManifest.xml:26:13-37
234            android:theme="@android:style/Theme.Translucent.NoTitleBar" />
234-->[com.google.android.gms:play-services-auth:20.7.0] AndroidManifest.xml:27:13-72
235        <!--
236            Service handling Google Sign-In user revocation. For apps that do not integrate with
237            Google Sign-In, this service will never be started.
238        -->
239        <service
239-->[com.google.android.gms:play-services-auth:20.7.0] AndroidManifest.xml:33:9-37:51
240            android:name="com.google.android.gms.auth.api.signin.RevocationBoundService"
240-->[com.google.android.gms:play-services-auth:20.7.0] AndroidManifest.xml:34:13-89
241            android:exported="true"
241-->[com.google.android.gms:play-services-auth:20.7.0] AndroidManifest.xml:35:13-36
242            android:permission="com.google.android.gms.auth.api.signin.permission.REVOCATION_NOTIFICATION"
242-->[com.google.android.gms:play-services-auth:20.7.0] AndroidManifest.xml:36:13-107
243            android:visibleToInstantApps="true" />
243-->[com.google.android.gms:play-services-auth:20.7.0] AndroidManifest.xml:37:13-48
244
245        <activity
245-->[com.google.android.gms:play-services-base:18.1.0] AndroidManifest.xml:20:9-22:45
246            android:name="com.google.android.gms.common.api.GoogleApiActivity"
246-->[com.google.android.gms:play-services-base:18.1.0] AndroidManifest.xml:20:19-85
247            android:exported="false"
247-->[com.google.android.gms:play-services-base:18.1.0] AndroidManifest.xml:22:19-43
248            android:theme="@android:style/Theme.Translucent.NoTitleBar" />
248-->[com.google.android.gms:play-services-base:18.1.0] AndroidManifest.xml:21:19-78
249
250        <provider
250-->[androidx.lifecycle:lifecycle-process:2.7.0] AndroidManifest.xml:24:9-32:20
251            android:name="androidx.startup.InitializationProvider"
251-->[androidx.lifecycle:lifecycle-process:2.7.0] AndroidManifest.xml:25:13-67
252            android:authorities="com.example.eco_closet.androidx-startup"
252-->[androidx.lifecycle:lifecycle-process:2.7.0] AndroidManifest.xml:26:13-68
253            android:exported="false" >
253-->[androidx.lifecycle:lifecycle-process:2.7.0] AndroidManifest.xml:27:13-37
254            <meta-data
254-->[androidx.lifecycle:lifecycle-process:2.7.0] AndroidManifest.xml:29:13-31:52
255                android:name="androidx.lifecycle.ProcessLifecycleInitializer"
255-->[androidx.lifecycle:lifecycle-process:2.7.0] AndroidManifest.xml:30:17-78
256                android:value="androidx.startup" />
256-->[androidx.lifecycle:lifecycle-process:2.7.0] AndroidManifest.xml:31:17-49
257            <meta-data
257-->[androidx.profileinstaller:profileinstaller:1.3.1] AndroidManifest.xml:29:13-31:52
258                android:name="androidx.profileinstaller.ProfileInstallerInitializer"
258-->[androidx.profileinstaller:profileinstaller:1.3.1] AndroidManifest.xml:30:17-85
259                android:value="androidx.startup" />
259-->[androidx.profileinstaller:profileinstaller:1.3.1] AndroidManifest.xml:31:17-49
260        </provider>
261
262        <uses-library
262-->[androidx.window:window:1.2.0] AndroidManifest.xml:23:9-25:40
263            android:name="androidx.window.extensions"
263-->[androidx.window:window:1.2.0] AndroidManifest.xml:24:13-54
264            android:required="false" />
264-->[androidx.window:window:1.2.0] AndroidManifest.xml:25:13-37
265        <uses-library
265-->[androidx.window:window:1.2.0] AndroidManifest.xml:26:9-28:40
266            android:name="androidx.window.sidecar"
266-->[androidx.window:window:1.2.0] AndroidManifest.xml:27:13-51
267            android:required="false" />
267-->[androidx.window:window:1.2.0] AndroidManifest.xml:28:13-37
268
269        <meta-data
269-->[com.google.android.gms:play-services-basement:18.4.0] AndroidManifest.xml:6:9-122
270            android:name="com.google.android.gms.version"
270-->[com.google.android.gms:play-services-basement:18.4.0] AndroidManifest.xml:6:20-65
271            android:value="@integer/google_play_services_version" />
271-->[com.google.android.gms:play-services-basement:18.4.0] AndroidManifest.xml:6:66-119
272
273        <receiver
273-->[androidx.profileinstaller:profileinstaller:1.3.1] AndroidManifest.xml:34:9-52:20
274            android:name="androidx.profileinstaller.ProfileInstallReceiver"
274-->[androidx.profileinstaller:profileinstaller:1.3.1] AndroidManifest.xml:35:13-76
275            android:directBootAware="false"
275-->[androidx.profileinstaller:profileinstaller:1.3.1] AndroidManifest.xml:36:13-44
276            android:enabled="true"
276-->[androidx.profileinstaller:profileinstaller:1.3.1] AndroidManifest.xml:37:13-35
277            android:exported="true"
277-->[androidx.profileinstaller:profileinstaller:1.3.1] AndroidManifest.xml:38:13-36
278            android:permission="android.permission.DUMP" >
278-->[androidx.profileinstaller:profileinstaller:1.3.1] AndroidManifest.xml:39:13-57
279            <intent-filter>
279-->[androidx.profileinstaller:profileinstaller:1.3.1] AndroidManifest.xml:40:13-42:29
280                <action android:name="androidx.profileinstaller.action.INSTALL_PROFILE" />
280-->[androidx.profileinstaller:profileinstaller:1.3.1] AndroidManifest.xml:41:17-91
280-->[androidx.profileinstaller:profileinstaller:1.3.1] AndroidManifest.xml:41:25-88
281            </intent-filter>
282            <intent-filter>
282-->[androidx.profileinstaller:profileinstaller:1.3.1] AndroidManifest.xml:43:13-45:29
283                <action android:name="androidx.profileinstaller.action.SKIP_FILE" />
283-->[androidx.profileinstaller:profileinstaller:1.3.1] AndroidManifest.xml:44:17-85
283-->[androidx.profileinstaller:profileinstaller:1.3.1] AndroidManifest.xml:44:25-82
284            </intent-filter>
285            <intent-filter>
285-->[androidx.profileinstaller:profileinstaller:1.3.1] AndroidManifest.xml:46:13-48:29
286                <action android:name="androidx.profileinstaller.action.SAVE_PROFILE" />